<?xml version="1.0" encoding="UTF-8"?>
<!-- Generated by org.testng.reporters.JUnitReportReporter -->
<testsuite hostname="SSTLAP178" name="Heliosz_Service.Campaign_Calendar_Service" tests="1" failures="0" timestamp="10 Nov 2023 14:55:14 GMT" time="3.476" errors="0">
  <testcase name="Calendar_creation" time="3.476" classname="Heliosz_Service.Campaign_Calendar_Service"/>
</testsuite> <!-- Heliosz_Service.Campaign_Calendar_Service -->
