<?xml version="1.0" encoding="UTF-8"?>
<!-- Generated by org.testng.reporters.JUnitReportReporter -->
<testsuite hostname="SSTLAP178" name="Heliosz_Service.Campaign_Simulation_Service" tests="1" failures="0" timestamp="10 Nov 2023 06:59:31 GMT" time="3.631" errors="0">
  <testcase name="Content_Optimization" time="3.631" classname="Heliosz_Service.Campaign_Simulation_Service"/>
</testsuite> <!-- Heliosz_Service.Campaign_Simulation_Service -->
