<?xml version="1.0" encoding="UTF-8"?>
<!-- Generated by org.testng.reporters.JUnitReportReporter -->
<testsuite hostname="SSTLAP178" name="Post_Method" tests="1" failures="0" timestamp="23 Oct 2023 10:36:59 GMT" time="2.742" errors="0">
  <testcase name="next" time="2.742" classname="Post_Method"/>
</testsuite> <!-- Post_Method -->
